[0.000000] (-) TimerEvent: {}
[0.000462] (commsonboard) JobQueued: {'identifier': 'commsonboard', 'dependencies': OrderedDict()}
[0.000898] (commsonboard) JobStarted: {'identifier': 'commsonboard'}
[0.099669] (-) TimerEvent: {}
[0.200065] (-) TimerEvent: {}
[0.300517] (-) TimerEvent: {}
[0.401017] (-) TimerEvent: {}
[0.501681] (-) TimerEvent: {}
[0.602077] (-) TimerEvent: {}
[0.702579] (-) TimerEvent: {}
[0.742704] (commsonboard) Command: {'cmd': ['/usr/bin/python3', '-W', 'ignore:setup.py install is deprecated', 'setup.py', 'egg_info', '--egg-base', '../../build/commsonboard', 'build', '--build-base', '/naranjelio/build/commsonboard/build', 'install', '--record', '/naranjelio/build/commsonboard/install.log', '--single-version-externally-managed', 'install_data'], 'cwd': '/naranjelio/src/commsonboard', 'env': {'HOSTNAME': 'naranjelio', 'SHLVL': '1', 'LD_LIBRARY_PATH': '/opt/ros/humble/lib/aarch64-linux-gnu:/opt/ros/humble/lib', 'HOME': '/home/ros', 'OLDPWD': '/', 'ROS_PYTHON_VERSION': '3', 'COLCON_PREFIX_PATH': '/naranjelio/install', 'ROS_DISTRO': 'humble', '_': '/usr/bin/colcon', 'ROS_VERSION': '2', 'TERM': 'xterm', 'ROS_LOCALHOST_ONLY': '0', 'PATH': '/opt/ros/humble/bin:/usr/local/sbin:/usr/local/bin:/usr/sbin:/usr/bin:/sbin:/bin', 'LANG': 'C.UTF-8', 'ROS_DOMAIN_ID': '1', 'AMENT_PREFIX_PATH': '/naranjelio/install/commsonboard:/opt/ros/humble', 'PWD': '/naranjelio/build/commsonboard', 'LC_ALL': 'C.UTF-8', 'PYTHONPATH': '/naranjelio/build/commsonboard/prefix_override:/naranjelio/install/commsonboard/lib/python3.10/site-packages:/naranjelio/install/commsonboard/lib/python3.10/site-packages:/opt/ros/humble/lib/python3.10/site-packages:/opt/ros/humble/local/lib/python3.10/dist-packages', 'COLCON': '1'}, 'shell': False}
[0.802700] (-) TimerEvent: {}
[0.903101] (-) TimerEvent: {}
[0.993991] (commsonboard) StdoutLine: {'line': b'running egg_info\n'}
[0.995021] (commsonboard) StdoutLine: {'line': b'writing ../../build/commsonboard/commsonboard.egg-info/PKG-INFO\n'}
[0.995398] (commsonboard) StdoutLine: {'line': b'writing dependency_links to ../../build/commsonboard/commsonboard.egg-info/dependency_links.txt\n'}
[0.995626] (commsonboard) StdoutLine: {'line': b'writing entry points to ../../build/commsonboard/commsonboard.egg-info/entry_points.txt\n'}
[0.995829] (commsonboard) StdoutLine: {'line': b'writing requirements to ../../build/commsonboard/commsonboard.egg-info/requires.txt\n'}
[0.995959] (commsonboard) StdoutLine: {'line': b'writing top-level names to ../../build/commsonboard/commsonboard.egg-info/top_level.txt\n'}
[0.998506] (commsonboard) StdoutLine: {'line': b"reading manifest file '../../build/commsonboard/commsonboard.egg-info/SOURCES.txt'\n"}
[0.999531] (commsonboard) StdoutLine: {'line': b"writing manifest file '../../build/commsonboard/commsonboard.egg-info/SOURCES.txt'\n"}
[0.999842] (commsonboard) StdoutLine: {'line': b'running build\n'}
[0.999966] (commsonboard) StdoutLine: {'line': b'running build_py\n'}
[1.000074] (commsonboard) StdoutLine: {'line': b'copying commsonboard/angle_reader.py -> /naranjelio/build/commsonboard/build/lib/commsonboard\n'}
[1.000672] (commsonboard) StdoutLine: {'line': b'running install\n'}
[1.001150] (commsonboard) StdoutLine: {'line': b'running install_lib\n'}
[1.002215] (commsonboard) StdoutLine: {'line': b'copying /naranjelio/build/commsonboard/build/lib/commsonboard/angle_reader.py -> /naranjelio/install/commsonboard/lib/python3.10/site-packages/commsonboard\n'}
[1.003147] (-) TimerEvent: {}
[1.003454] (commsonboard) StdoutLine: {'line': b'byte-compiling /naranjelio/install/commsonboard/lib/python3.10/site-packages/commsonboard/angle_reader.py to angle_reader.cpython-310.pyc\n'}
[1.007470] (commsonboard) StdoutLine: {'line': b'running install_data\n'}
[1.007738] (commsonboard) StdoutLine: {'line': b'running install_egg_info\n'}
[1.010514] (commsonboard) StdoutLine: {'line': b"removing '/naranjelio/install/commsonboard/lib/python3.10/site-packages/commsonboard-0.0.0-py3.10.egg-info' (and everything under it)\n"}
[1.011100] (commsonboard) StdoutLine: {'line': b'Copying ../../build/commsonboard/commsonboard.egg-info to /naranjelio/install/commsonboard/lib/python3.10/site-packages/commsonboard-0.0.0-py3.10.egg-info\n'}
[1.012323] (commsonboard) StdoutLine: {'line': b'running install_scripts\n'}
[1.043031] (commsonboard) StdoutLine: {'line': b'Installing angle_reader script to /naranjelio/install/commsonboard/lib/commsonboard\n'}
[1.043662] (commsonboard) StdoutLine: {'line': b"writing list of installed files to '/naranjelio/build/commsonboard/install.log'\n"}
[1.103287] (-) TimerEvent: {}
[1.104802] (commsonboard) CommandEnded: {'returncode': 0}
[1.119494] (commsonboard) JobEnded: {'identifier': 'commsonboard', 'rc': 0}
[1.120824] (-) EventReactorShutdown: {}
