running egg_info
creating ../../build/commsonboard/commsonboard.egg-info
writing ../../build/commsonboard/commsonboard.egg-info/PKG-INFO
writing dependency_links to ../../build/commsonboard/commsonboard.egg-info/dependency_links.txt
writing entry points to ../../build/commsonboard/commsonboard.egg-info/entry_points.txt
writing requirements to ../../build/commsonboard/commsonboard.egg-info/requires.txt
writing top-level names to ../../build/commsonboard/commsonboard.egg-info/top_level.txt
writing manifest file '../../build/commsonboard/commsonboard.egg-info/SOURCES.txt'
reading manifest file '../../build/commsonboard/commsonboard.egg-info/SOURCES.txt'
writing manifest file '../../build/commsonboard/commsonboard.egg-info/SOURCES.txt'
running build
running build_py
creating /naranjelio/build/commsonboard/build
creating /naranjelio/build/commsonboard/build/lib
creating /naranjelio/build/commsonboard/build/lib/commsonboard
copying commsonboard/__init__.py -> /naranjelio/build/commsonboard/build/lib/commsonboard
copying commsonboard/angle_reader.py -> /naranjelio/build/commsonboard/build/lib/commsonboard
running install
running install_lib
creating /naranjelio/install/commsonboard/lib/python3.10/site-packages/commsonboard
copying /naranjelio/build/commsonboard/build/lib/commsonboard/__init__.py -> /naranjelio/install/commsonboard/lib/python3.10/site-packages/commsonboard
copying /naranjelio/build/commsonboard/build/lib/commsonboard/angle_reader.py -> /naranjelio/install/commsonboard/lib/python3.10/site-packages/commsonboard
byte-compiling /naranjelio/install/commsonboard/lib/python3.10/site-packages/commsonboard/__init__.py to __init__.cpython-310.pyc
byte-compiling /naranjelio/install/commsonboard/lib/python3.10/site-packages/commsonboard/angle_reader.py to angle_reader.cpython-310.pyc
running install_data
creating /naranjelio/install/commsonboard/share/ament_index
creating /naranjelio/install/commsonboard/share/ament_index/resource_index
creating /naranjelio/install/commsonboard/share/ament_index/resource_index/packages
copying resource/commsonboard -> /naranjelio/install/commsonboard/share/ament_index/resource_index/packages
copying package.xml -> /naranjelio/install/commsonboard/share/commsonboard
running install_egg_info
Copying ../../build/commsonboard/commsonboard.egg-info to /naranjelio/install/commsonboard/lib/python3.10/site-packages/commsonboard-0.0.0-py3.10.egg-info
running install_scripts
Installing angle_reader script to /naranjelio/install/commsonboard/lib/commsonboard
writing list of installed files to '/naranjelio/build/commsonboard/install.log'
