[0.825s] Invoking command in '/naranjelio/src/commsonboard': PYTHONPATH=/naranjelio/build/commsonboard/prefix_override:/naranjelio/install/commsonboard/lib/python3.10/site-packages:${PYTHONPATH} /usr/bin/python3 -W ignore:setup.py install is deprecated setup.py egg_info --egg-base ../../build/commsonboard build --build-base /naranjelio/build/commsonboard/build install --record /naranjelio/build/commsonboard/install.log --single-version-externally-managed install_data
[1.073s] running egg_info
[1.074s] creating ../../build/commsonboard/commsonboard.egg-info
[1.074s] writing ../../build/commsonboard/commsonboard.egg-info/PKG-INFO
[1.075s] writing dependency_links to ../../build/commsonboard/commsonboard.egg-info/dependency_links.txt
[1.075s] writing entry points to ../../build/commsonboard/commsonboard.egg-info/entry_points.txt
[1.075s] writing requirements to ../../build/commsonboard/commsonboard.egg-info/requires.txt
[1.075s] writing top-level names to ../../build/commsonboard/commsonboard.egg-info/top_level.txt
[1.075s] writing manifest file '../../build/commsonboard/commsonboard.egg-info/SOURCES.txt'
[1.078s] reading manifest file '../../build/commsonboard/commsonboard.egg-info/SOURCES.txt'
[1.079s] writing manifest file '../../build/commsonboard/commsonboard.egg-info/SOURCES.txt'
[1.079s] running build
[1.079s] running build_py
[1.079s] creating /naranjelio/build/commsonboard/build
[1.079s] creating /naranjelio/build/commsonboard/build/lib
[1.079s] creating /naranjelio/build/commsonboard/build/lib/commsonboard
[1.079s] copying commsonboard/__init__.py -> /naranjelio/build/commsonboard/build/lib/commsonboard
[1.079s] copying commsonboard/angle_reader.py -> /naranjelio/build/commsonboard/build/lib/commsonboard
[1.080s] running install
[1.080s] running install_lib
[1.081s] creating /naranjelio/install/commsonboard/lib/python3.10/site-packages/commsonboard
[1.081s] copying /naranjelio/build/commsonboard/build/lib/commsonboard/__init__.py -> /naranjelio/install/commsonboard/lib/python3.10/site-packages/commsonboard
[1.081s] copying /naranjelio/build/commsonboard/build/lib/commsonboard/angle_reader.py -> /naranjelio/install/commsonboard/lib/python3.10/site-packages/commsonboard
[1.082s] byte-compiling /naranjelio/install/commsonboard/lib/python3.10/site-packages/commsonboard/__init__.py to __init__.cpython-310.pyc
[1.083s] byte-compiling /naranjelio/install/commsonboard/lib/python3.10/site-packages/commsonboard/angle_reader.py to angle_reader.cpython-310.pyc
[1.083s] running install_data
[1.084s] creating /naranjelio/install/commsonboard/share/ament_index
[1.084s] creating /naranjelio/install/commsonboard/share/ament_index/resource_index
[1.084s] creating /naranjelio/install/commsonboard/share/ament_index/resource_index/packages
[1.084s] copying resource/commsonboard -> /naranjelio/install/commsonboard/share/ament_index/resource_index/packages
[1.084s] copying package.xml -> /naranjelio/install/commsonboard/share/commsonboard
[1.084s] running install_egg_info
[1.086s] Copying ../../build/commsonboard/commsonboard.egg-info to /naranjelio/install/commsonboard/lib/python3.10/site-packages/commsonboard-0.0.0-py3.10.egg-info
[1.088s] running install_scripts
[1.118s] Installing angle_reader script to /naranjelio/install/commsonboard/lib/commsonboard
[1.119s] writing list of installed files to '/naranjelio/build/commsonboard/install.log'
[1.181s] Invoked command in '/naranjelio/src/commsonboard' returned '0': PYTHONPATH=/naranjelio/build/commsonboard/prefix_override:/naranjelio/install/commsonboard/lib/python3.10/site-packages:${PYTHONPATH} /usr/bin/python3 -W ignore:setup.py install is deprecated setup.py egg_info --egg-base ../../build/commsonboard build --build-base /naranjelio/build/commsonboard/build install --record /naranjelio/build/commsonboard/install.log --single-version-externally-managed install_data
