[0.000000] (-) TimerEvent: {}
[0.000656] (commsonboard) JobQueued: {'identifier': 'commsonboard', 'dependencies': OrderedDict()}
[0.000933] (commsonboard) JobStarted: {'identifier': 'commsonboard'}
[0.099597] (-) TimerEvent: {}
[0.200025] (-) TimerEvent: {}
[0.300472] (-) TimerEvent: {}
[0.401003] (-) TimerEvent: {}
[0.501535] (-) TimerEvent: {}
[0.601952] (-) TimerEvent: {}
[0.702975] (-) TimerEvent: {}
[0.736175] (commsonboard) Command: {'cmd': ['/usr/bin/python3', '-W', 'ignore:setup.py install is deprecated', 'setup.py', 'egg_info', '--egg-base', '../../build/commsonboard', 'build', '--build-base', '/naranjelio/build/commsonboard/build', 'install', '--record', '/naranjelio/build/commsonboard/install.log', '--single-version-externally-managed', 'install_data'], 'cwd': '/naranjelio/src/commsonboard', 'env': {'HOSTNAME': 'naranjelio', 'SHLVL': '1', 'LD_LIBRARY_PATH': '/opt/ros/humble/lib/aarch64-linux-gnu:/opt/ros/humble/lib', 'HOME': '/home/ros', 'OLDPWD': '/', 'ROS_PYTHON_VERSION': '3', 'COLCON_PREFIX_PATH': '/naranjelio/install', 'ROS_DISTRO': 'humble', '_': '/usr/bin/colcon', 'ROS_VERSION': '2', 'TERM': 'xterm', 'ROS_LOCALHOST_ONLY': '0', 'PATH': '/opt/ros/humble/bin:/usr/local/sbin:/usr/local/bin:/usr/sbin:/usr/bin:/sbin:/bin', 'LANG': 'C.UTF-8', 'ROS_DOMAIN_ID': '1', 'AMENT_PREFIX_PATH': '/naranjelio/install/commsonboard:/opt/ros/humble', 'PWD': '/naranjelio/build/commsonboard', 'LC_ALL': 'C.UTF-8', 'PYTHONPATH': '/naranjelio/build/commsonboard/prefix_override:/naranjelio/install/commsonboard/lib/python3.10/site-packages:/naranjelio/install/commsonboard/lib/python3.10/site-packages:/opt/ros/humble/lib/python3.10/site-packages:/opt/ros/humble/local/lib/python3.10/dist-packages', 'COLCON': '1'}, 'shell': False}
[0.803079] (-) TimerEvent: {}
[0.903527] (-) TimerEvent: {}
[0.986936] (commsonboard) StdoutLine: {'line': b'running egg_info\n'}
[0.987931] (commsonboard) StdoutLine: {'line': b'writing ../../build/commsonboard/commsonboard.egg-info/PKG-INFO\n'}
[0.988346] (commsonboard) StdoutLine: {'line': b'writing dependency_links to ../../build/commsonboard/commsonboard.egg-info/dependency_links.txt\n'}
[0.988578] (commsonboard) StdoutLine: {'line': b'writing entry points to ../../build/commsonboard/commsonboard.egg-info/entry_points.txt\n'}
[0.988789] (commsonboard) StdoutLine: {'line': b'writing requirements to ../../build/commsonboard/commsonboard.egg-info/requires.txt\n'}
[0.988937] (commsonboard) StdoutLine: {'line': b'writing top-level names to ../../build/commsonboard/commsonboard.egg-info/top_level.txt\n'}
[0.991569] (commsonboard) StdoutLine: {'line': b"reading manifest file '../../build/commsonboard/commsonboard.egg-info/SOURCES.txt'\n"}
[0.992628] (commsonboard) StdoutLine: {'line': b"writing manifest file '../../build/commsonboard/commsonboard.egg-info/SOURCES.txt'\n"}
[0.992815] (commsonboard) StdoutLine: {'line': b'running build\n'}
[0.992935] (commsonboard) StdoutLine: {'line': b'running build_py\n'}
[0.993126] (commsonboard) StdoutLine: {'line': b'copying commsonboard/angle_reader.py -> /naranjelio/build/commsonboard/build/lib/commsonboard\n'}
[0.993525] (commsonboard) StdoutLine: {'line': b'running install\n'}
[0.993986] (commsonboard) StdoutLine: {'line': b'running install_lib\n'}
[0.995062] (commsonboard) StdoutLine: {'line': b'copying /naranjelio/build/commsonboard/build/lib/commsonboard/angle_reader.py -> /naranjelio/install/commsonboard/lib/python3.10/site-packages/commsonboard\n'}
[0.996101] (commsonboard) StdoutLine: {'line': b'byte-compiling /naranjelio/install/commsonboard/lib/python3.10/site-packages/commsonboard/angle_reader.py to angle_reader.cpython-310.pyc\n'}
[1.000224] (commsonboard) StdoutLine: {'line': b'running install_data\n'}
[1.000434] (commsonboard) StdoutLine: {'line': b'running install_egg_info\n'}
[1.002934] (commsonboard) StdoutLine: {'line': b"removing '/naranjelio/install/commsonboard/lib/python3.10/site-packages/commsonboard-0.0.0-py3.10.egg-info' (and everything under it)\n"}
[1.003402] (commsonboard) StdoutLine: {'line': b'Copying ../../build/commsonboard/commsonboard.egg-info to /naranjelio/install/commsonboard/lib/python3.10/site-packages/commsonboard-0.0.0-py3.10.egg-info\n'}
[1.003529] (-) TimerEvent: {}
[1.004753] (commsonboard) StdoutLine: {'line': b'running install_scripts\n'}
[1.035983] (commsonboard) StdoutLine: {'line': b'Installing angle_reader script to /naranjelio/install/commsonboard/lib/commsonboard\n'}
[1.036588] (commsonboard) StdoutLine: {'line': b"writing list of installed files to '/naranjelio/build/commsonboard/install.log'\n"}
[1.097063] (commsonboard) CommandEnded: {'returncode': 0}
[1.103918] (-) TimerEvent: {}
[1.112088] (commsonboard) JobEnded: {'identifier': 'commsonboard', 'rc': 0}
[1.113113] (-) EventReactorShutdown: {}
