[0.000000] (-) TimerEvent: {}
[0.000543] (commsonboard) JobQueued: {'identifier': 'commsonboard', 'dependencies': OrderedDict()}
[0.000959] (commsonboard) JobStarted: {'identifier': 'commsonboard'}
[0.099671] (-) TimerEvent: {}
[0.200226] (-) TimerEvent: {}
[0.300673] (-) TimerEvent: {}
[0.401206] (-) TimerEvent: {}
[0.501781] (-) TimerEvent: {}
[0.602184] (-) TimerEvent: {}
[0.702704] (-) TimerEvent: {}
[0.722816] (commsonboard) Command: {'cmd': ['/usr/bin/python3', '-W', 'ignore:setup.py install is deprecated', 'setup.py', 'egg_info', '--egg-base', '../../build/commsonboard', 'build', '--build-base', '/naranjelio/build/commsonboard/build', 'install', '--record', '/naranjelio/build/commsonboard/install.log', '--single-version-externally-managed', 'install_data'], 'cwd': '/naranjelio/src/commsonboard', 'env': {'HOSTNAME': 'naranjelio', 'SHLVL': '1', 'LD_LIBRARY_PATH': '/opt/ros/humble/lib/aarch64-linux-gnu:/opt/ros/humble/lib', 'HOME': '/home/ros', 'OLDPWD': '/', 'ROS_PYTHON_VERSION': '3', 'COLCON_PREFIX_PATH': '/naranjelio/install', 'ROS_DISTRO': 'humble', '_': '/usr/bin/colcon', 'ROS_VERSION': '2', 'TERM': 'xterm', 'ROS_LOCALHOST_ONLY': '0', 'PATH': '/opt/ros/humble/bin:/usr/local/sbin:/usr/local/bin:/usr/sbin:/usr/bin:/sbin:/bin', 'LANG': 'C.UTF-8', 'ROS_DOMAIN_ID': '1', 'AMENT_PREFIX_PATH': '/naranjelio/install/commsonboard:/opt/ros/humble', 'PWD': '/naranjelio/build/commsonboard', 'LC_ALL': 'C.UTF-8', 'PYTHONPATH': '/naranjelio/build/commsonboard/prefix_override:/naranjelio/install/commsonboard/lib/python3.10/site-packages:/naranjelio/install/commsonboard/lib/python3.10/site-packages:/opt/ros/humble/lib/python3.10/site-packages:/opt/ros/humble/local/lib/python3.10/dist-packages', 'COLCON': '1'}, 'shell': False}
[0.802816] (-) TimerEvent: {}
[0.903245] (-) TimerEvent: {}
[0.975310] (commsonboard) StdoutLine: {'line': b'running egg_info\n'}
[0.976332] (commsonboard) StdoutLine: {'line': b'writing ../../build/commsonboard/commsonboard.egg-info/PKG-INFO\n'}
[0.977762] (commsonboard) StdoutLine: {'line': b'writing dependency_links to ../../build/commsonboard/commsonboard.egg-info/dependency_links.txt\n'}
[0.977970] (commsonboard) StdoutLine: {'line': b'writing entry points to ../../build/commsonboard/commsonboard.egg-info/entry_points.txt\n'}
[0.978071] (commsonboard) StdoutLine: {'line': b'writing requirements to ../../build/commsonboard/commsonboard.egg-info/requires.txt\n'}
[0.978171] (commsonboard) StdoutLine: {'line': b'writing top-level names to ../../build/commsonboard/commsonboard.egg-info/top_level.txt\n'}
[0.980599] (commsonboard) StdoutLine: {'line': b"reading manifest file '../../build/commsonboard/commsonboard.egg-info/SOURCES.txt'\n"}
[0.981708] (commsonboard) StdoutLine: {'line': b"writing manifest file '../../build/commsonboard/commsonboard.egg-info/SOURCES.txt'\n"}
[0.981923] (commsonboard) StdoutLine: {'line': b'running build\n'}
[0.982053] (commsonboard) StdoutLine: {'line': b'running build_py\n'}
[0.982364] (commsonboard) StdoutLine: {'line': b'running install\n'}
[0.982834] (commsonboard) StdoutLine: {'line': b'running install_lib\n'}
[0.984694] (commsonboard) StdoutLine: {'line': b'running install_data\n'}
[0.985199] (commsonboard) StdoutLine: {'line': b'running install_egg_info\n'}
[0.987193] (commsonboard) StdoutLine: {'line': b"removing '/naranjelio/install/commsonboard/lib/python3.10/site-packages/commsonboard-0.0.0-py3.10.egg-info' (and everything under it)\n"}
[0.987647] (commsonboard) StdoutLine: {'line': b'Copying ../../build/commsonboard/commsonboard.egg-info to /naranjelio/install/commsonboard/lib/python3.10/site-packages/commsonboard-0.0.0-py3.10.egg-info\n'}
[0.988854] (commsonboard) StdoutLine: {'line': b'running install_scripts\n'}
[1.003314] (-) TimerEvent: {}
[1.019280] (commsonboard) StdoutLine: {'line': b'Installing angle_reader script to /naranjelio/install/commsonboard/lib/commsonboard\n'}
[1.019895] (commsonboard) StdoutLine: {'line': b"writing list of installed files to '/naranjelio/build/commsonboard/install.log'\n"}
[1.082470] (commsonboard) CommandEnded: {'returncode': 0}
[1.097023] (commsonboard) JobEnded: {'identifier': 'commsonboard', 'rc': 0}
[1.098508] (-) EventReactorShutdown: {}
