[0.857s] Invoking command in '/naranjelio/src/commsonboard': PYTHONPATH=/naranjelio/build/commsonboard/prefix_override:/naranjelio/install/commsonboard/lib/python3.10/site-packages:${PYTHONPATH} /usr/bin/python3 -W ignore:setup.py install is deprecated setup.py egg_info --egg-base ../../build/commsonboard build --build-base /naranjelio/build/commsonboard/build install --record /naranjelio/build/commsonboard/install.log --single-version-externally-managed install_data
[1.112s] running egg_info
[1.113s] writing ../../build/commsonboard/commsonboard.egg-info/PKG-INFO
[1.114s] writing dependency_links to ../../build/commsonboard/commsonboard.egg-info/dependency_links.txt
[1.114s] writing entry points to ../../build/commsonboard/commsonboard.egg-info/entry_points.txt
[1.114s] writing requirements to ../../build/commsonboard/commsonboard.egg-info/requires.txt
[1.114s] writing top-level names to ../../build/commsonboard/commsonboard.egg-info/top_level.txt
[1.117s] reading manifest file '../../build/commsonboard/commsonboard.egg-info/SOURCES.txt'
[1.118s] writing manifest file '../../build/commsonboard/commsonboard.egg-info/SOURCES.txt'
[1.119s] running build
[1.120s] running build_py
[1.120s] copying commsonboard/angle_reader.py -> /naranjelio/build/commsonboard/build/lib/commsonboard
[1.120s] running install
[1.120s] running install_lib
[1.121s] copying /naranjelio/build/commsonboard/build/lib/commsonboard/angle_reader.py -> /naranjelio/install/commsonboard/lib/python3.10/site-packages/commsonboard
[1.122s] byte-compiling /naranjelio/install/commsonboard/lib/python3.10/site-packages/commsonboard/angle_reader.py to angle_reader.cpython-310.pyc
[1.126s] running install_data
[1.126s] running install_egg_info
[1.129s] removing '/naranjelio/install/commsonboard/lib/python3.10/site-packages/commsonboard-0.0.0-py3.10.egg-info' (and everything under it)
[1.130s] Copying ../../build/commsonboard/commsonboard.egg-info to /naranjelio/install/commsonboard/lib/python3.10/site-packages/commsonboard-0.0.0-py3.10.egg-info
[1.131s] running install_scripts
[1.162s] Installing angle_reader script to /naranjelio/install/commsonboard/lib/commsonboard
[1.162s] writing list of installed files to '/naranjelio/build/commsonboard/install.log'
[1.224s] Invoked command in '/naranjelio/src/commsonboard' returned '0': PYTHONPATH=/naranjelio/build/commsonboard/prefix_override:/naranjelio/install/commsonboard/lib/python3.10/site-packages:${PYTHONPATH} /usr/bin/python3 -W ignore:setup.py install is deprecated setup.py egg_info --egg-base ../../build/commsonboard build --build-base /naranjelio/build/commsonboard/build install --record /naranjelio/build/commsonboard/install.log --single-version-externally-managed install_data
