[0.000000] (-) TimerEvent: {}
[0.000481] (commsonboard) JobQueued: {'identifier': 'commsonboard', 'dependencies': OrderedDict()}
[0.000914] (commsonboard) JobStarted: {'identifier': 'commsonboard'}
[0.099687] (-) TimerEvent: {}
[0.200258] (-) TimerEvent: {}
[0.300761] (-) TimerEvent: {}
[0.401297] (-) TimerEvent: {}
[0.501741] (-) TimerEvent: {}
[0.602154] (-) TimerEvent: {}
[0.702771] (-) TimerEvent: {}
[0.747537] (commsonboard) Command: {'cmd': ['/usr/bin/python3', '-W', 'ignore:setup.py install is deprecated', 'setup.py', 'egg_info', '--egg-base', '../../build/commsonboard', 'build', '--build-base', '/naranjelio/build/commsonboard/build', 'install', '--record', '/naranjelio/build/commsonboard/install.log', '--single-version-externally-managed', 'install_data'], 'cwd': '/naranjelio/src/commsonboard', 'env': {'HOSTNAME': 'naranjelio', 'SHLVL': '1', 'LD_LIBRARY_PATH': '/opt/ros/humble/lib/aarch64-linux-gnu:/opt/ros/humble/lib', 'HOME': '/home/ros', 'OLDPWD': '/', 'ROS_PYTHON_VERSION': '3', 'ROS_DISTRO': 'humble', '_': '/usr/bin/colcon', 'ROS_VERSION': '2', 'TERM': 'xterm', 'ROS_LOCALHOST_ONLY': '0', 'PATH': '/opt/ros/humble/bin:/usr/local/sbin:/usr/local/bin:/usr/sbin:/usr/bin:/sbin:/bin', 'LANG': 'C.UTF-8', 'ROS_DOMAIN_ID': '1', 'AMENT_PREFIX_PATH': '/opt/ros/humble', 'PWD': '/naranjelio/build/commsonboard', 'LC_ALL': 'C.UTF-8', 'PYTHONPATH': '/naranjelio/build/commsonboard/prefix_override:/naranjelio/install/commsonboard/lib/python3.10/site-packages:/opt/ros/humble/lib/python3.10/site-packages:/opt/ros/humble/local/lib/python3.10/dist-packages', 'COLCON': '1'}, 'shell': False}
[0.802874] (-) TimerEvent: {}
[0.903283] (-) TimerEvent: {}
[1.003424] (commsonboard) StdoutLine: {'line': b'running egg_info\n'}
[1.003769] (-) TimerEvent: {}
[1.004624] (commsonboard) StdoutLine: {'line': b'writing ../../build/commsonboard/commsonboard.egg-info/PKG-INFO\n'}
[1.005101] (commsonboard) StdoutLine: {'line': b'writing dependency_links to ../../build/commsonboard/commsonboard.egg-info/dependency_links.txt\n'}
[1.005396] (commsonboard) StdoutLine: {'line': b'writing entry points to ../../build/commsonboard/commsonboard.egg-info/entry_points.txt\n'}
[1.005620] (commsonboard) StdoutLine: {'line': b'writing requirements to ../../build/commsonboard/commsonboard.egg-info/requires.txt\n'}
[1.005761] (commsonboard) StdoutLine: {'line': b'writing top-level names to ../../build/commsonboard/commsonboard.egg-info/top_level.txt\n'}
[1.008631] (commsonboard) StdoutLine: {'line': b"reading manifest file '../../build/commsonboard/commsonboard.egg-info/SOURCES.txt'\n"}
[1.009783] (commsonboard) StdoutLine: {'line': b"writing manifest file '../../build/commsonboard/commsonboard.egg-info/SOURCES.txt'\n"}
[1.010068] (commsonboard) StdoutLine: {'line': b'running build\n'}
[1.010207] (commsonboard) StdoutLine: {'line': b'running build_py\n'}
[1.010379] (commsonboard) StdoutLine: {'line': b'copying commsonboard/angle_reader.py -> /naranjelio/build/commsonboard/build/lib/commsonboard\n'}
[1.010922] (commsonboard) StdoutLine: {'line': b'running install\n'}
[1.011536] (commsonboard) StdoutLine: {'line': b'running install_lib\n'}
[1.012711] (commsonboard) StdoutLine: {'line': b'copying /naranjelio/build/commsonboard/build/lib/commsonboard/angle_reader.py -> /naranjelio/install/commsonboard/lib/python3.10/site-packages/commsonboard\n'}
[1.013995] (commsonboard) StdoutLine: {'line': b'byte-compiling /naranjelio/install/commsonboard/lib/python3.10/site-packages/commsonboard/angle_reader.py to angle_reader.cpython-310.pyc\n'}
[1.018230] (commsonboard) StdoutLine: {'line': b'running install_data\n'}
[1.018420] (commsonboard) StdoutLine: {'line': b'copying package.xml -> /naranjelio/install/commsonboard/share/commsonboard\n'}
[1.018661] (commsonboard) StdoutLine: {'line': b'running install_egg_info\n'}
[1.021435] (commsonboard) StdoutLine: {'line': b"removing '/naranjelio/install/commsonboard/lib/python3.10/site-packages/commsonboard-0.0.0-py3.10.egg-info' (and everything under it)\n"}
[1.021931] (commsonboard) StdoutLine: {'line': b'Copying ../../build/commsonboard/commsonboard.egg-info to /naranjelio/install/commsonboard/lib/python3.10/site-packages/commsonboard-0.0.0-py3.10.egg-info\n'}
[1.023162] (commsonboard) StdoutLine: {'line': b'running install_scripts\n'}
[1.055492] (commsonboard) StdoutLine: {'line': b'Installing angle_reader script to /naranjelio/install/commsonboard/lib/commsonboard\n'}
[1.056128] (commsonboard) StdoutLine: {'line': b"writing list of installed files to '/naranjelio/build/commsonboard/install.log'\n"}
[1.103911] (-) TimerEvent: {}
[1.117949] (commsonboard) CommandEnded: {'returncode': 0}
[1.133598] (commsonboard) JobEnded: {'identifier': 'commsonboard', 'rc': 0}
[1.134760] (-) EventReactorShutdown: {}
