[0.740s] Invoking command in '/naranjelio/src/commsonboard': PYTHONPATH=/naranjelio/build/commsonboard/prefix_override:/naranjelio/install/commsonboard/lib/python3.10/site-packages:${PYTHONPATH} /usr/bin/python3 -W ignore:setup.py install is deprecated setup.py egg_info --egg-base ../../build/commsonboard build --build-base /naranjelio/build/commsonboard/build install --record /naranjelio/build/commsonboard/install.log --single-version-externally-managed install_data
[0.991s] running egg_info
[0.992s] writing ../../build/commsonboard/commsonboard.egg-info/PKG-INFO
[0.992s] writing dependency_links to ../../build/commsonboard/commsonboard.egg-info/dependency_links.txt
[0.992s] writing entry points to ../../build/commsonboard/commsonboard.egg-info/entry_points.txt
[0.992s] writing requirements to ../../build/commsonboard/commsonboard.egg-info/requires.txt
[0.992s] writing top-level names to ../../build/commsonboard/commsonboard.egg-info/top_level.txt
[0.995s] reading manifest file '../../build/commsonboard/commsonboard.egg-info/SOURCES.txt'
[0.996s] writing manifest file '../../build/commsonboard/commsonboard.egg-info/SOURCES.txt'
[0.996s] running build
[0.996s] running build_py
[0.996s] copying commsonboard/angle_reader.py -> /naranjelio/build/commsonboard/build/lib/commsonboard
[0.997s] running install
[0.997s] running install_lib
[0.998s] copying /naranjelio/build/commsonboard/build/lib/commsonboard/angle_reader.py -> /naranjelio/install/commsonboard/lib/python3.10/site-packages/commsonboard
[1.000s] byte-compiling /naranjelio/install/commsonboard/lib/python3.10/site-packages/commsonboard/angle_reader.py to angle_reader.cpython-310.pyc
[1.004s] running install_data
[1.004s] running install_egg_info
[1.007s] removing '/naranjelio/install/commsonboard/lib/python3.10/site-packages/commsonboard-0.0.0-py3.10.egg-info' (and everything under it)
[1.007s] Copying ../../build/commsonboard/commsonboard.egg-info to /naranjelio/install/commsonboard/lib/python3.10/site-packages/commsonboard-0.0.0-py3.10.egg-info
[1.008s] running install_scripts
[1.039s] Installing angle_reader script to /naranjelio/install/commsonboard/lib/commsonboard
[1.040s] writing list of installed files to '/naranjelio/build/commsonboard/install.log'
[1.102s] Invoked command in '/naranjelio/src/commsonboard' returned '0': PYTHONPATH=/naranjelio/build/commsonboard/prefix_override:/naranjelio/install/commsonboard/lib/python3.10/site-packages:${PYTHONPATH} /usr/bin/python3 -W ignore:setup.py install is deprecated setup.py egg_info --egg-base ../../build/commsonboard build --build-base /naranjelio/build/commsonboard/build install --record /naranjelio/build/commsonboard/install.log --single-version-externally-managed install_data
